<?xml version="1.0" encoding="UTF-8"?>
<!-- Generated by org.testng.reporters.JUnitXMLReporter -->
<testsuite ignored="0" hostname="Pradeep" failures="0" tests="5" name="Default test" time="15.895" errors="0" timestamp="2022-05-14T19:18:13 IST">
  <testcase classname="org.ratestngwithserializationanddeserialization.Main_Vels_Pojo" name="LoginV" time="8.605"/>
  <testcase classname="org.ratestngwithserializationanddeserialization.Main_Vels_Pojo" name="CreateAddress" time="1.875"/>
  <testcase classname="org.ratestngwithserializationanddeserialization.Main_Vels_Pojo" name="UpdateAddress" time="1.63"/>
  <testcase classname="org.ratestngwithserializationanddeserialization.Main_Vels_Pojo" name="GetAddress" time="1.965"/>
  <testcase classname="org.ratestngwithserializationanddeserialization.Main_Vels_Pojo" name="DeleteAddress" time="1.712"/>
</testsuite> <!-- Default test -->
